<?xml version="1.0" encoding="UTF-8"?>
<!-- Generated by org.testng.reporters.JUnitXMLReporter -->
<testsuite hostname="JAVED" name="TestWindows7_2" tests="1" failures="1" timestamp="19 Mar 2019 07:43:44 GMT" time="139.879" errors="0">
  <testcase name="QaQuestionAutomation" time="123.05" classname="TestPackage.QaQuestion">
    <failure type="junit.framework.ComparisonFailure" message="Selenium Automation Testing Theories and IDE tutorials expected:&amp;lt;[Selenium Automation Testing Theories and IDE tutorials]&amp;gt; but was:&amp;lt;[Didn&amp;apos;t Match]&amp;gt;">
      <![CDATA[junit.framework.ComparisonFailure: Selenium Automation Testing Theories and IDE tutorials expected:<[Selenium Automation Testing Theories and IDE tutorials]> but was:<[Didn't Match]>
	at junit.framework.Assert.assertEquals(Assert.java:85)
	at TestPackage.QaQuestion.QaQuestionAutomation(QaQuestion.java:30)
	at java.util.concurrent.FutureTask.run(Unknown Source)
	at java.util.concurrent.ThreadPoolExecutor.runWorker(Unknown Source)
	at java.util.concurrent.ThreadPoolExecutor$Worker.run(Unknown Source)
	at java.lang.Thread.run(Unknown Source)
... Removed 16 stack frames]]>
    </failure>
  </testcase> <!-- QaQuestionAutomation -->
</testsuite> <!-- TestWindows7_2 -->
