<?xml version="1.0" encoding="UTF-8"?>
<!-- Generated by org.testng.reporters.JUnitXMLReporter -->
<testsuite hostname="JAVED" name="Test" tests="2" failures="1" timestamp="17 Mar 2019 20:12:20 GMT" time="14.158" errors="0">
  <testcase name="Google" time="4.061" classname="TestPackage.GoogleClass"/>
  <testcase name="QaQuestionAutomation" time="0.015" classname="TestPackage.QaQuestion">
    <failure type="java.lang.NullPointerException">
      <![CDATA[java.lang.NullPointerException
	at TestPackage.QaQuestion.QaQuestionAutomation(QaQuestion.java:13)
... Removed 24 stack frames]]>
    </failure>
  </testcase> <!-- QaQuestionAutomation -->
</testsuite> <!-- Test -->
